<?xml version="1.0" encoding="UTF-8"?>
<!-- Generated by org.testng.reporters.JUnitReportReporter -->
<testsuite hostname="PMUFTWIN101" name="org.cucumber.testRunners.TestRunnerWithTestNG" tests="1" failures="0" timestamp="30 Oct 2018 06:29:18 GMT" time="1.711" errors="0">
  <testcase name="login" time="1.711" classname="org.cucumber.testRunners.TestRunnerWithTestNG"/>
</testsuite> <!-- org.cucumber.testRunners.TestRunnerWithTestNG -->
